# JRE version: Java(TM) SE Runtime Environment (17.0.12+8) (build 17.0.12+8-LTS-286)
# Java VM: Java HotSpot(TM) 64-Bit Server VM (17.0.12+8-LTS-286, mixed mode, sharing, tiered, compressed oops, compressed class ptrs, g1 gc, windows-amd64)
GC Precious Log:
 CPUs: 4 total, 4 available
 Memory: 8150M
 Large Page Support: Disabled
 NUMA Support: Disabled
 Compressed Oops: Enabled (32-bit)
 Heap Region Size: 1M
 Heap Min Capacity: 8M
 Heap Initial Capacity: 128M
 Heap Max Capacity: 2038M
 Pre-touch: Disabled
 Parallel Workers: 4
 Concurrent Workers: 1
 Concurrent Refinement Workers: 4
 Periodic GC: Disabled
Heap:
 garbage-first heap   total 76800K, used 65012K [0x0000000080a00000, 0x0000000100000000)
  region size 1024K, 28 young (28672K), 1 survivors (1024K)
 Metaspace       used 93296K, committed 94208K, reserved 1179648K
  class space    used 12350K, committed 12736K, reserved 1048576K
GC Heap History (20 events):
Event: 5616.932 GC heap before
{Heap before GC invocations=62 (full 0):
 garbage-first heap   total 76800K, used 41056K [0x0000000080a00000, 0x0000000100000000)
  region size 1024K, 3 young (3072K), 1 survivors (1024K)
 Metaspace       used 93218K, committed 94144K, reserved 1179648K
  class space    used 12350K, committed 12736K, reserved 1048576K
}
Event: 5616.947 GC heap after
{Heap after GC invocations=63 (full 0):
 garbage-first heap   total 76800K, used 38815K [0x0000000080a00000, 0x0000000100000000)
  region size 1024K, 1 young (1024K), 1 survivors (1024K)
 Metaspace       used 93218K, committed 94144K, reserved 1179648K
  class space    used 12350K, committed 12736K, reserved 1048576K
}
Event: 5990.573 GC heap before
{Heap before GC invocations=63 (full 0):
 garbage-first heap   total 76800K, used 65439K [0x0000000080a00000, 0x0000000100000000)
  region size 1024K, 27 young (27648K), 1 survivors (1024K)
 Metaspace       used 93218K, committed 94144K, reserved 1179648K
  class space    used 12350K, committed 12736K, reserved 1048576K
}
Event: 5990.575 GC heap after
{Heap after GC invocations=64 (full 0):
 garbage-first heap   total 76800K, used 38778K [0x0000000080a00000, 0x0000000100000000)
  region size 1024K, 1 young (1024K), 1 survivors (1024K)
 Metaspace       used 93218K, committed 94144K, reserved 1179648K
  class space    used 12350K, committed 12736K, reserved 1048576K
}
Event: 6376.858 GC heap before
{Heap before GC invocations=65 (full 0):
 garbage-first heap   total 76800K, used 66426K [0x0000000080a00000, 0x0000000100000000)
  region size 1024K, 28 young (28672K), 1 survivors (1024K)
 Metaspace       used 93221K, committed 94144K, reserved 1179648K
  class space    used 12350K, committed 12736K, reserved 1048576K
}
Event: 6376.859 GC heap after
{Heap after GC invocations=66 (full 0):
 garbage-first heap   total 76800K, used 38771K [0x0000000080a00000, 0x0000000100000000)
  region size 1024K, 1 young (1024K), 1 survivors (1024K)
 Metaspace       used 93221K, committed 94144K, reserved 1179648K
  class space    used 12350K, committed 12736K, reserved 1048576K
}
Event: 6405.030 GC heap before
{Heap before GC invocations=66 (full 0):
 garbage-first heap   total 76800K, used 40819K [0x0000000080a00000, 0x0000000100000000)
  region size 1024K, 3 young (3072K), 1 survivors (1024K)
 Metaspace       used 93221K, committed 94144K, reserved 1179648K
  class space    used 12350K, committed 12736K, reserved 1048576K
}
Event: 6405.038 GC heap after
{Heap after GC invocations=67 (full 0):
 garbage-first heap   total 76800K, used 38382K [0x0000000080a00000, 0x0000000100000000)
  region size 1024K, 1 young (1024K), 1 survivors (1024K)
 Metaspace       used 93221K, committed 94144K, reserved 1179648K
  class space    used 12350K, committed 12736K, reserved 1048576K
}
Event: 6790.286 GC heap before
{Heap before GC invocations=67 (full 0):
 garbage-first heap   total 76800K, used 66030K [0x0000000080a00000, 0x0000000100000000)
  region size 1024K, 28 young (28672K), 1 survivors (1024K)
 Metaspace       used 93222K, committed 94144K, reserved 1179648K
  class space    used 12350K, committed 12736K, reserved 1048576K
}
Event: 6790.288 GC heap after
{Heap after GC invocations=68 (full 0):
 garbage-first heap   total 76800K, used 38388K [0x0000000080a00000, 0x0000000100000000)
  region size 1024K, 1 young (1024K), 1 survivors (1024K)
 Metaspace       used 93222K, committed 94144K, reserved 1179648K
  class space    used 12350K, committed 12736K, reserved 1048576K
}
Event: 7135.763 GC heap before
{Heap before GC invocations=69 (full 0):
 garbage-first heap   total 76800K, used 66036K [0x0000000080a00000, 0x0000000100000000)
  region size 1024K, 28 young (28672K), 1 survivors (1024K)
 Metaspace       used 93256K, committed 94144K, reserved 1179648K
  class space    used 12350K, committed 12736K, reserved 1048576K
}
Event: 7135.764 GC heap after
{Heap after GC invocations=70 (full 0):
 garbage-first heap   total 76800K, used 38760K [0x0000000080a00000, 0x0000000100000000)
  region size 1024K, 1 young (1024K), 1 survivors (1024K)
 Metaspace       used 93256K, committed 94144K, reserved 1179648K
  class space    used 12350K, committed 12736K, reserved 1048576K
}
Event: 7149.608 GC heap before
{Heap before GC invocations=70 (full 0):
 garbage-first heap   total 76800K, used 40808K [0x0000000080a00000, 0x0000000100000000)
  region size 1024K, 3 young (3072K), 1 survivors (1024K)
 Metaspace       used 93273K, committed 94208K, reserved 1179648K
  class space    used 12350K, committed 12736K, reserved 1048576K
}
Event: 7149.617 GC heap after
{Heap after GC invocations=71 (full 0):
 garbage-first heap   total 76800K, used 38646K [0x0000000080a00000, 0x0000000100000000)
  region size 1024K, 1 young (1024K), 1 survivors (1024K)
 Metaspace       used 93273K, committed 94208K, reserved 1179648K
  class space    used 12350K, committed 12736K, reserved 1048576K
}
Event: 7519.517 GC heap before
{Heap before GC invocations=71 (full 0):
 garbage-first heap   total 76800K, used 66294K [0x0000000080a00000, 0x0000000100000000)
  region size 1024K, 28 young (28672K), 1 survivors (1024K)
 Metaspace       used 93276K, committed 94208K, reserved 1179648K
  class space    used 12350K, committed 12736K, reserved 1048576K
}
Event: 7519.520 GC heap after
{Heap after GC invocations=72 (full 0):
 garbage-first heap   total 76800K, used 38787K [0x0000000080a00000, 0x0000000100000000)
  region size 1024K, 1 young (1024K), 1 survivors (1024K)
 Metaspace       used 93276K, committed 94208K, reserved 1179648K
  class space    used 12350K, committed 12736K, reserved 1048576K
}
Event: 7907.530 GC heap before
{Heap before GC invocations=73 (full 0):
 garbage-first heap   total 76800K, used 66435K [0x0000000080a00000, 0x0000000100000000)
  region size 1024K, 28 young (28672K), 1 survivors (1024K)
 Metaspace       used 93296K, committed 94208K, reserved 1179648K
  class space    used 12350K, committed 12736K, reserved 1048576K
}
Event: 7907.532 GC heap after
{Heap after GC invocations=74 (full 0):
 garbage-first heap   total 76800K, used 38763K [0x0000000080a00000, 0x0000000100000000)
  region size 1024K, 1 young (1024K), 1 survivors (1024K)
 Metaspace       used 93296K, committed 94208K, reserved 1179648K
  class space    used 12350K, committed 12736K, reserved 1048576K
}
Event: 7935.463 GC heap before
{Heap before GC invocations=74 (full 0):
 garbage-first heap   total 76800K, used 40811K [0x0000000080a00000, 0x0000000100000000)
  region size 1024K, 3 young (3072K), 1 survivors (1024K)
 Metaspace       used 93296K, committed 94208K, reserved 1179648K
  class space    used 12350K, committed 12736K, reserved 1048576K
}
Event: 7935.466 GC heap after
{Heap after GC invocations=75 (full 0):
 garbage-first heap   total 76800K, used 38388K [0x0000000080a00000, 0x0000000100000000)
  region size 1024K, 1 young (1024K), 1 survivors (1024K)
 Metaspace       used 93296K, committed 94208K, reserved 1179648K
  class space    used 12350K, committed 12736K, reserved 1048576K
}

